<?xml version="1.0" encoding="UTF-8"?>
<testsuite xmlns:xsi="http://www.w3.org/2001/XMLSchema-instance" xsi:noNamespaceSchemaLocation="https://maven.apache.org/surefire/maven-surefire-plugin/xsd/surefire-test-report.xsd" name="TestSuite" time="69.916" tests="6" errors="0" skipped="0" failures="0">
  <properties>
[...]
</properties>
  <testcase name="tc_1" classname="scripts.TestCase" time="8.816"/>
  <testcase name="tc_2" classname="scripts.TestCase" time="13.752"/>
  <testcase name="tc_3" classname="scripts.TestCase" time="14.213"/>
  <testcase name="tc_4" classname="scripts.TestCase" time="19.565"/>
  <testcase name="tc_5" classname="scripts.TestCase" time="5.335"/>
  <testcase name="tc_6" classname="scripts.TestCase" time="1.974"/>
</testsuite>