<?xml version="1.0" encoding="UTF-8"?>
<testng-results total="6" passed="6" failed="0" skipped="0">
  <reporter-output>
  </reporter-output>
  <suite started-at="2022-11-20T07:16:11Z" name="Surefire suite" finished-at="2022-11-20T07:17:15Z" duration-ms="63664">
    <groups>
    </groups>
    <test started-at="2022-11-20T07:16:11Z" name="Surefire test" finished-at="2022-11-20T07:17:15Z" duration-ms="63664">
      <class name="scripts.TestCase">
        <test-method is-config="true" signature="beforeSuite()[pri:0, instance:scripts.TestCase@13e39c73]" started-at="2022-11-20T12:46:05Z" name="beforeSuite" finished-at="2022-11-20T12:46:11Z" duration-ms="5778" status="PASS">
          <reporter-output>
          </reporter-output>
        </test-method> <!-- beforeSuite -->
        <test-method signature="tc_1()[pri:0, instance:scripts.TestCase@13e39c73]" started-at="2022-11-20T12:46:11Z" name="tc_1" description="TC001-This test verifies user see a validation message when invalid mobile number entered for login" finished-at="2022-11-20T12:46:20Z" duration-ms="8815" status="PASS">
          <reporter-output>
          </reporter-output>
        </test-method> <!-- tc_1 -->
        <test-method is-config="true" signature="beforemethod()[pri:0, instance:scripts.TestCase@13e39c73]" started-at="2022-11-20T12:46:11Z" name="beforemethod" finished-at="2022-11-20T12:46:11Z" duration-ms="0" status="PASS">
          <reporter-output>
          </reporter-output>
        </test-method> <!-- beforemethod -->
        <test-method is-config="true" signature="afterMethod()[pri:0, instance:scripts.TestCase@13e39c73]" started-at="2022-11-20T12:46:20Z" name="afterMethod" finished-at="2022-11-20T12:46:20Z" duration-ms="0" status="PASS">
          <reporter-output>
          </reporter-output>
        </test-method> <!-- afterMethod -->
        <test-method is-config="true" signature="beforemethod()[pri:0, instance:scripts.TestCase@13e39c73]" started-at="2022-11-20T12:46:20Z" name="beforemethod" finished-at="2022-11-20T12:46:20Z" duration-ms="0" status="PASS">
          <reporter-output>
          </reporter-output>
        </test-method> <!-- beforemethod -->
        <test-method signature="tc_2()[pri:0, instance:scripts.TestCase@13e39c73]" started-at="2022-11-20T12:46:20Z" name="tc_2" description="TC002-This test verify user can click login button when valid mobile number is provided" finished-at="2022-11-20T12:46:34Z" duration-ms="13753" status="PASS">
          <reporter-output>
          </reporter-output>
        </test-method> <!-- tc_2 -->
        <test-method is-config="true" signature="beforemethod()[pri:0, instance:scripts.TestCase@13e39c73]" started-at="2022-11-20T12:46:34Z" name="beforemethod" finished-at="2022-11-20T12:46:34Z" duration-ms="0" status="PASS">
          <reporter-output>
          </reporter-output>
        </test-method> <!-- beforemethod -->
        <test-method is-config="true" signature="afterMethod()[pri:0, instance:scripts.TestCase@13e39c73]" started-at="2022-11-20T12:46:34Z" name="afterMethod" finished-at="2022-11-20T12:46:34Z" duration-ms="0" status="PASS">
          <reporter-output>
          </reporter-output>
        </test-method> <!-- afterMethod -->
        <test-method signature="tc_3()[pri:0, instance:scripts.TestCase@13e39c73]" started-at="2022-11-20T12:46:34Z" name="tc_3" description="TC003-This test verify user can edit and login with new mobile number" finished-at="2022-11-20T12:46:48Z" duration-ms="14212" status="PASS">
          <reporter-output>
          </reporter-output>
        </test-method> <!-- tc_3 -->
        <test-method signature="tc_4()[pri:0, instance:scripts.TestCase@13e39c73]" started-at="2022-11-20T12:46:48Z" name="tc_4" description="TC004-This test verify validation message is shown when user enter invalid OTP for login" finished-at="2022-11-20T12:47:07Z" duration-ms="19565" status="PASS">
          <reporter-output>
          </reporter-output>
        </test-method> <!-- tc_4 -->
        <test-method is-config="true" signature="afterMethod()[pri:0, instance:scripts.TestCase@13e39c73]" started-at="2022-11-20T12:46:48Z" name="afterMethod" finished-at="2022-11-20T12:46:48Z" duration-ms="0" status="PASS">
          <reporter-output>
          </reporter-output>
        </test-method> <!-- afterMethod -->
        <test-method is-config="true" signature="beforemethod()[pri:0, instance:scripts.TestCase@13e39c73]" started-at="2022-11-20T12:46:48Z" name="beforemethod" finished-at="2022-11-20T12:46:48Z" duration-ms="0" status="PASS">
          <reporter-output>
          </reporter-output>
        </test-method> <!-- beforemethod -->
        <test-method is-config="true" signature="afterMethod()[pri:0, instance:scripts.TestCase@13e39c73]" started-at="2022-11-20T12:47:07Z" name="afterMethod" finished-at="2022-11-20T12:47:07Z" duration-ms="0" status="PASS">
          <reporter-output>
          </reporter-output>
        </test-method> <!-- afterMethod -->
        <test-method is-config="true" signature="beforemethod()[pri:0, instance:scripts.TestCase@13e39c73]" started-at="2022-11-20T12:47:07Z" name="beforemethod" finished-at="2022-11-20T12:47:07Z" duration-ms="0" status="PASS">
          <reporter-output>
          </reporter-output>
        </test-method> <!-- beforemethod -->
        <test-method signature="tc_5()[pri:0, instance:scripts.TestCase@13e39c73]" started-at="2022-11-20T12:47:07Z" name="tc_5" description="TC005-This test verify user can view a tests from Test tab" finished-at="2022-11-20T12:47:13Z" duration-ms="5335" status="PASS">
          <reporter-output>
          </reporter-output>
        </test-method> <!-- tc_5 -->
        <test-method signature="tc_6()[pri:0, instance:scripts.TestCase@13e39c73]" started-at="2022-11-20T12:47:13Z" name="tc_6" description="TC006-This test verify user can view a course from Courses tab" finished-at="2022-11-20T12:47:15Z" duration-ms="1974" status="PASS">
          <reporter-output>
          </reporter-output>
        </test-method> <!-- tc_6 -->
        <test-method is-config="true" signature="beforemethod()[pri:0, instance:scripts.TestCase@13e39c73]" started-at="2022-11-20T12:47:13Z" name="beforemethod" finished-at="2022-11-20T12:47:13Z" duration-ms="0" status="PASS">
          <reporter-output>
          </reporter-output>
        </test-method> <!-- beforemethod -->
        <test-method is-config="true" signature="afterMethod()[pri:0, instance:scripts.TestCase@13e39c73]" started-at="2022-11-20T12:47:13Z" name="afterMethod" finished-at="2022-11-20T12:47:13Z" duration-ms="0" status="PASS">
          <reporter-output>
          </reporter-output>
        </test-method> <!-- afterMethod -->
        <test-method is-config="true" signature="afterMethod()[pri:0, instance:scripts.TestCase@13e39c73]" started-at="2022-11-20T12:47:15Z" name="afterMethod" finished-at="2022-11-20T12:47:15Z" duration-ms="0" status="PASS">
          <reporter-output>
          </reporter-output>
        </test-method> <!-- afterMethod -->
        <test-method is-config="true" signature="afterSuite()[pri:0, instance:scripts.TestCase@13e39c73]" started-at="2022-11-20T12:47:15Z" name="afterSuite" finished-at="2022-11-20T12:47:15Z" duration-ms="297" status="PASS">
          <reporter-output>
          </reporter-output>
        </test-method> <!-- afterSuite -->
      </class> <!-- scripts.TestCase -->
    </test> <!-- Surefire test -->
  </suite> <!-- Surefire suite -->
</testng-results>
